./cover/conc_false-guard_unr-fmt_"ifElseFatal"-msg_"message"-name_"label"/output-as-svas.sv
./cover/conc_false-guard_unr-fmt_"ifElseFatal"-msg_""-name_"label"/output-as-svas.sv
./cover/conc_false-guard_unr-fmt_"sva"-msg_"message"-name_"label"/output-as-svas.sv
./cover/conc_false-guard_unr-fmt_"sva"-msg_""-name_"label"/output-as-svas.sv
./cover/conc_false-guard_unr-fmt_""-msg_"message"-name_"label"/output-as-svas.sv
./cover/conc_false-guard_unr-fmt_""-msg_""-name_"label"/output-as-svas.sv
./cover/conc_true-guard_unr-fmt_"ifElseFatal"-msg_"message"-name_"label"/output-as-svas.sv
./cover/conc_true-guard_unr-fmt_"ifElseFatal"-msg_""-name_"label"/output-as-svas.sv
./cover/conc_true-guard_unr-fmt_"sva"-msg_"message"-name_"label"/output.sv
./cover/conc_true-guard_unr-fmt_"sva"-msg_"message"-name_"label"/output-as-svas.sv
./cover/conc_true-guard_unr-fmt_"sva"-msg_""-name_"label"/output.sv
./cover/conc_true-guard_unr-fmt_"sva"-msg_""-name_"label"/output-as-svas.sv
./cover/conc_true-guard_unr-fmt_""-msg_"message"-name_"label"/output.sv
./cover/conc_true-guard_unr-fmt_""-msg_"message"-name_"label"/output-as-svas.sv
./cover/conc_true-guard_unr-fmt_""-msg_""-name_"label"/output.sv
./cover/conc_true-guard_unr-fmt_""-msg_""-name_"label"/output-as-svas.sv

./cover/conc_false-guard_unr-fmt_"ifElseFatal"-msg_"message"-name_"label"/output.sv
./cover/conc_false-guard_unr-fmt_"ifElseFatal"-msg_""-name_"label"/output.sv
./cover/conc_false-guard_unr-fmt_"sva"-msg_"message"-name_"label"/output.sv
./cover/conc_false-guard_unr-fmt_"sva"-msg_""-name_"label"/output.sv
./cover/conc_false-guard_unr-fmt_""-msg_"message"-name_"label"/output.sv
./cover/conc_false-guard_unr-fmt_""-msg_""-name_"label"/output.sv

./cover/conc_false-guard_unr-fmt_"ifElseFatal"-msg_"message"-name_""/output-as-svas.sv
./cover/conc_false-guard_unr-fmt_"ifElseFatal"-msg_""-name_""/output-as-svas.sv
./cover/conc_false-guard_unr-fmt_"sva"-msg_"message"-name_""/output-as-svas.sv
./cover/conc_false-guard_unr-fmt_"sva"-msg_""-name_""/output-as-svas.sv
./cover/conc_false-guard_unr-fmt_""-msg_"message"-name_""/output-as-svas.sv
./cover/conc_false-guard_unr-fmt_""-msg_""-name_""/output-as-svas.sv
./cover/conc_true-guard_unr-fmt_"ifElseFatal"-msg_"message"-name_""/output-as-svas.sv
./cover/conc_true-guard_unr-fmt_"ifElseFatal"-msg_""-name_""/output-as-svas.sv
./cover/conc_true-guard_unr-fmt_"sva"-msg_"message"-name_""/output.sv
./cover/conc_true-guard_unr-fmt_"sva"-msg_"message"-name_""/output-as-svas.sv
./cover/conc_true-guard_unr-fmt_"sva"-msg_""-name_""/output.sv
./cover/conc_true-guard_unr-fmt_"sva"-msg_""-name_""/output-as-svas.sv
./cover/conc_true-guard_unr-fmt_""-msg_"message"-name_""/output.sv
./cover/conc_true-guard_unr-fmt_""-msg_"message"-name_""/output-as-svas.sv
./cover/conc_true-guard_unr-fmt_""-msg_""-name_""/output.sv
./cover/conc_true-guard_unr-fmt_""-msg_""-name_""/output-as-svas.sv

./cover/conc_false-guard_unr-fmt_"ifElseFatal"-msg_"message"-name_""/output.sv
./cover/conc_false-guard_unr-fmt_"ifElseFatal"-msg_""-name_""/output.sv
./cover/conc_false-guard_unr-fmt_"sva"-msg_"message"-name_""/output.sv
./cover/conc_false-guard_unr-fmt_"sva"-msg_""-name_""/output.sv
./cover/conc_false-guard_unr-fmt_""-msg_"message"-name_""/output.sv
./cover/conc_false-guard_unr-fmt_""-msg_""-name_""/output.sv

./cover/conc_false-guard_no-fmt_"ifElseFatal"-msg_"message"-name_""/output-as-svas.sv
./cover/conc_false-guard_no-fmt_"ifElseFatal"-msg_""-name_""/output-as-svas.sv
./cover/conc_false-guard_no-fmt_"sva"-msg_"message"-name_""/output-as-svas.sv
./cover/conc_false-guard_no-fmt_"sva"-msg_""-name_""/output-as-svas.sv
./cover/conc_false-guard_no-fmt_""-msg_"message"-name_""/output-as-svas.sv
./cover/conc_false-guard_no-fmt_""-msg_""-name_""/output-as-svas.sv
./cover/conc_true-guard_no-fmt_"ifElseFatal"-msg_"message"-name_""/output-as-svas.sv
./cover/conc_true-guard_no-fmt_"ifElseFatal"-msg_""-name_""/output-as-svas.sv
./cover/conc_true-guard_no-fmt_"sva"-msg_"message"-name_""/output.sv
./cover/conc_true-guard_no-fmt_"sva"-msg_"message"-name_""/output-as-svas.sv
./cover/conc_true-guard_no-fmt_"sva"-msg_""-name_""/output.sv
./cover/conc_true-guard_no-fmt_"sva"-msg_""-name_""/output-as-svas.sv
./cover/conc_true-guard_no-fmt_""-msg_"message"-name_""/output.sv
./cover/conc_true-guard_no-fmt_""-msg_"message"-name_""/output-as-svas.sv
./cover/conc_true-guard_no-fmt_""-msg_""-name_""/output.sv
./cover/conc_true-guard_no-fmt_""-msg_""-name_""/output-as-svas.sv

./cover/conc_false-guard_no-fmt_"ifElseFatal"-msg_"message"-name_""/output.sv
./cover/conc_false-guard_no-fmt_"ifElseFatal"-msg_""-name_""/output.sv
./cover/conc_false-guard_no-fmt_"sva"-msg_"message"-name_""/output.sv
./cover/conc_false-guard_no-fmt_"sva"-msg_""-name_""/output.sv
./cover/conc_false-guard_no-fmt_""-msg_"message"-name_""/output.sv
./cover/conc_false-guard_no-fmt_""-msg_""-name_""/output.sv

./cover/conc_false-guard_no-fmt_"ifElseFatal"-msg_"message"-name_"label"/output-as-svas.sv
./cover/conc_false-guard_no-fmt_"ifElseFatal"-msg_""-name_"label"/output-as-svas.sv
./cover/conc_false-guard_no-fmt_"sva"-msg_"message"-name_"label"/output-as-svas.sv
./cover/conc_false-guard_no-fmt_"sva"-msg_""-name_"label"/output-as-svas.sv
./cover/conc_false-guard_no-fmt_""-msg_"message"-name_"label"/output-as-svas.sv
./cover/conc_false-guard_no-fmt_""-msg_""-name_"label"/output-as-svas.sv
./cover/conc_true-guard_no-fmt_"ifElseFatal"-msg_"message"-name_"label"/output-as-svas.sv
./cover/conc_true-guard_no-fmt_"ifElseFatal"-msg_""-name_"label"/output-as-svas.sv
./cover/conc_true-guard_no-fmt_"sva"-msg_"message"-name_"label"/output.sv
./cover/conc_true-guard_no-fmt_"sva"-msg_"message"-name_"label"/output-as-svas.sv
./cover/conc_true-guard_no-fmt_"sva"-msg_""-name_"label"/output.sv
./cover/conc_true-guard_no-fmt_"sva"-msg_""-name_"label"/output-as-svas.sv
./cover/conc_true-guard_no-fmt_""-msg_"message"-name_"label"/output.sv
./cover/conc_true-guard_no-fmt_""-msg_"message"-name_"label"/output-as-svas.sv
./cover/conc_true-guard_no-fmt_""-msg_""-name_"label"/output.sv
./cover/conc_true-guard_no-fmt_""-msg_""-name_"label"/output-as-svas.sv

./cover/conc_false-guard_no-fmt_"ifElseFatal"-msg_"message"-name_"label"/output.sv
./cover/conc_false-guard_no-fmt_"ifElseFatal"-msg_""-name_"label"/output.sv
./cover/conc_false-guard_no-fmt_"sva"-msg_"message"-name_"label"/output.sv
./cover/conc_false-guard_no-fmt_"sva"-msg_""-name_"label"/output.sv
./cover/conc_false-guard_no-fmt_""-msg_"message"-name_"label"/output.sv
./cover/conc_false-guard_no-fmt_""-msg_""-name_"label"/output.sv

./assert/conc_true-guard_no-fmt_"ifElseFatal"-msg_""-name_"label"/output.sv
./assert/conc_true-guard_no-fmt_"ifElseFatal"-msg_""-name_""/output.sv
./assume/conc_true-guard_no-fmt_"ifElseFatal"-msg_""-name_"label"/output.sv
./assume/conc_true-guard_no-fmt_"ifElseFatal"-msg_""-name_""/output.sv
./cover/conc_true-guard_no-fmt_"ifElseFatal"-msg_"message"-name_"label"/output.sv
./cover/conc_true-guard_no-fmt_"ifElseFatal"-msg_"message"-name_""/output.sv
./cover/conc_true-guard_no-fmt_"ifElseFatal"-msg_""-name_"label"/output.sv
./cover/conc_true-guard_no-fmt_"ifElseFatal"-msg_""-name_""/output.sv

./assert/conc_false-guard_unr-fmt_"ifElseFatal"-msg_"message"-name_"label"/output-as-svas.sv
./assert/conc_false-guard_unr-fmt_"sva"-msg_"message"-name_"label"/output-as-svas.sv
./assert/conc_false-guard_unr-fmt_""-msg_"message"-name_"label"/output-as-svas.sv
./assert/conc_true-guard_unr-fmt_"ifElseFatal"-msg_"message"-name_"label"/output-as-svas.sv
./assert/conc_true-guard_unr-fmt_"sva"-msg_"message"-name_"label"/output.sv
./assert/conc_true-guard_unr-fmt_"sva"-msg_"message"-name_"label"/output-as-svas.sv
./assert/conc_true-guard_unr-fmt_""-msg_"message"-name_"label"/output.sv
./assert/conc_true-guard_unr-fmt_""-msg_"message"-name_"label"/output-as-svas.sv

./assert/conc_false-guard_unr-fmt_"ifElseFatal"-msg_"message"-name_"label"/output.sv
./assert/conc_false-guard_unr-fmt_"sva"-msg_"message"-name_"label"/output.sv
./assert/conc_false-guard_unr-fmt_""-msg_"message"-name_"label"/output.sv

./assert/conc_false-guard_unr-fmt_"ifElseFatal"-msg_""-name_""/output-as-svas.sv
./assert/conc_false-guard_unr-fmt_"sva"-msg_""-name_""/output-as-svas.sv
./assert/conc_false-guard_unr-fmt_""-msg_""-name_""/output-as-svas.sv
./assert/conc_true-guard_unr-fmt_"ifElseFatal"-msg_""-name_""/output-as-svas.sv
./assert/conc_true-guard_unr-fmt_"sva"-msg_""-name_""/output.sv
./assert/conc_true-guard_unr-fmt_"sva"-msg_""-name_""/output-as-svas.sv
./assert/conc_true-guard_unr-fmt_""-msg_""-name_""/output.sv
./assert/conc_true-guard_unr-fmt_""-msg_""-name_""/output-as-svas.sv

./assert/conc_false-guard_unr-fmt_"ifElseFatal"-msg_""-name_""/output.sv
./assert/conc_false-guard_unr-fmt_"sva"-msg_""-name_""/output.sv
./assert/conc_false-guard_unr-fmt_""-msg_""-name_""/output.sv

./assert/conc_false-guard_unr-fmt_"ifElseFatal"-msg_""-name_"label"/output-as-svas.sv
./assert/conc_false-guard_unr-fmt_"sva"-msg_""-name_"label"/output-as-svas.sv
./assert/conc_false-guard_unr-fmt_""-msg_""-name_"label"/output-as-svas.sv
./assert/conc_true-guard_unr-fmt_"ifElseFatal"-msg_""-name_"label"/output-as-svas.sv
./assert/conc_true-guard_unr-fmt_"sva"-msg_""-name_"label"/output.sv
./assert/conc_true-guard_unr-fmt_"sva"-msg_""-name_"label"/output-as-svas.sv
./assert/conc_true-guard_unr-fmt_""-msg_""-name_"label"/output.sv
./assert/conc_true-guard_unr-fmt_""-msg_""-name_"label"/output-as-svas.sv

./assert/conc_false-guard_unr-fmt_"ifElseFatal"-msg_""-name_"label"/output.sv
./assert/conc_false-guard_unr-fmt_"sva"-msg_""-name_"label"/output.sv
./assert/conc_false-guard_unr-fmt_""-msg_""-name_"label"/output.sv

./assert/conc_false-guard_unr-fmt_"ifElseFatal"-msg_"message"-name_""/output-as-svas.sv
./assert/conc_false-guard_unr-fmt_"sva"-msg_"message"-name_""/output-as-svas.sv
./assert/conc_false-guard_unr-fmt_""-msg_"message"-name_""/output-as-svas.sv
./assert/conc_true-guard_unr-fmt_"ifElseFatal"-msg_"message"-name_""/output-as-svas.sv
./assert/conc_true-guard_unr-fmt_"sva"-msg_"message"-name_""/output.sv
./assert/conc_true-guard_unr-fmt_"sva"-msg_"message"-name_""/output-as-svas.sv
./assert/conc_true-guard_unr-fmt_""-msg_"message"-name_""/output.sv
./assert/conc_true-guard_unr-fmt_""-msg_"message"-name_""/output-as-svas.sv

./assert/conc_false-guard_unr-fmt_"ifElseFatal"-msg_"message"-name_""/output.sv
./assert/conc_false-guard_unr-fmt_"sva"-msg_"message"-name_""/output.sv
./assert/conc_false-guard_unr-fmt_""-msg_"message"-name_""/output.sv

./assert/conc_false-guard_no-fmt_"ifElseFatal"-msg_""-name_"label"/output-as-svas.sv
./assert/conc_false-guard_no-fmt_"sva"-msg_""-name_"label"/output-as-svas.sv
./assert/conc_false-guard_no-fmt_""-msg_""-name_"label"/output-as-svas.sv
./assert/conc_true-guard_no-fmt_"ifElseFatal"-msg_""-name_"label"/output-as-svas.sv
./assert/conc_true-guard_no-fmt_"sva"-msg_""-name_"label"/output.sv
./assert/conc_true-guard_no-fmt_"sva"-msg_""-name_"label"/output-as-svas.sv
./assert/conc_true-guard_no-fmt_""-msg_""-name_"label"/output.sv
./assert/conc_true-guard_no-fmt_""-msg_""-name_"label"/output-as-svas.sv

./assert/conc_false-guard_no-fmt_"ifElseFatal"-msg_""-name_"label"/output.sv
./assert/conc_false-guard_no-fmt_"sva"-msg_""-name_"label"/output.sv
./assert/conc_false-guard_no-fmt_""-msg_""-name_"label"/output.sv

./assert/conc_true-guard_unr-fmt_"ifElseFatal"-msg_"message"-name_"label"/output.sv
./assert/conc_true-guard_unr-fmt_"ifElseFatal"-msg_"message"-name_""/output.sv
./assume/conc_true-guard_unr-fmt_"ifElseFatal"-msg_"message"-name_"label"/output.sv
./assume/conc_true-guard_unr-fmt_"ifElseFatal"-msg_"message"-name_""/output.sv

./assert/conc_false-guard_no-fmt_"ifElseFatal"-msg_"message"-name_""/output-as-svas.sv
./assert/conc_false-guard_no-fmt_"sva"-msg_"message"-name_""/output-as-svas.sv
./assert/conc_false-guard_no-fmt_""-msg_"message"-name_""/output-as-svas.sv
./assert/conc_true-guard_no-fmt_"ifElseFatal"-msg_"message"-name_""/output-as-svas.sv
./assert/conc_true-guard_no-fmt_"sva"-msg_"message"-name_""/output.sv
./assert/conc_true-guard_no-fmt_"sva"-msg_"message"-name_""/output-as-svas.sv
./assert/conc_true-guard_no-fmt_""-msg_"message"-name_""/output.sv
./assert/conc_true-guard_no-fmt_""-msg_"message"-name_""/output-as-svas.sv

./assert/conc_false-guard_no-fmt_"ifElseFatal"-msg_"message"-name_""/output.sv
./assert/conc_false-guard_no-fmt_"sva"-msg_"message"-name_""/output.sv
./assert/conc_false-guard_no-fmt_""-msg_"message"-name_""/output.sv

./assert/conc_true-guard_no-fmt_"ifElseFatal"-msg_"message"-name_"label"/output.sv
./assert/conc_true-guard_no-fmt_"ifElseFatal"-msg_"message"-name_""/output.sv
./assume/conc_true-guard_no-fmt_"ifElseFatal"-msg_"message"-name_"label"/output.sv
./assume/conc_true-guard_no-fmt_"ifElseFatal"-msg_"message"-name_""/output.sv

./assert/conc_true-guard_unr-fmt_"ifElseFatal"-msg_""-name_"label"/output.sv
./assert/conc_true-guard_unr-fmt_"ifElseFatal"-msg_""-name_""/output.sv
./assume/conc_true-guard_unr-fmt_"ifElseFatal"-msg_""-name_"label"/output.sv
./assume/conc_true-guard_unr-fmt_"ifElseFatal"-msg_""-name_""/output.sv
./cover/conc_true-guard_unr-fmt_"ifElseFatal"-msg_"message"-name_"label"/output.sv
./cover/conc_true-guard_unr-fmt_"ifElseFatal"-msg_"message"-name_""/output.sv
./cover/conc_true-guard_unr-fmt_"ifElseFatal"-msg_""-name_"label"/output.sv
./cover/conc_true-guard_unr-fmt_"ifElseFatal"-msg_""-name_""/output.sv

./assert/conc_false-guard_no-fmt_"ifElseFatal"-msg_"message"-name_"label"/output-as-svas.sv
./assert/conc_false-guard_no-fmt_"sva"-msg_"message"-name_"label"/output-as-svas.sv
./assert/conc_false-guard_no-fmt_""-msg_"message"-name_"label"/output-as-svas.sv
./assert/conc_true-guard_no-fmt_"ifElseFatal"-msg_"message"-name_"label"/output-as-svas.sv
./assert/conc_true-guard_no-fmt_"sva"-msg_"message"-name_"label"/output.sv
./assert/conc_true-guard_no-fmt_"sva"-msg_"message"-name_"label"/output-as-svas.sv
./assert/conc_true-guard_no-fmt_""-msg_"message"-name_"label"/output.sv
./assert/conc_true-guard_no-fmt_""-msg_"message"-name_"label"/output-as-svas.sv

./assert/conc_false-guard_no-fmt_"ifElseFatal"-msg_"message"-name_"label"/output.sv
./assert/conc_false-guard_no-fmt_"sva"-msg_"message"-name_"label"/output.sv
./assert/conc_false-guard_no-fmt_""-msg_"message"-name_"label"/output.sv

./assert/conc_false-guard_no-fmt_"ifElseFatal"-msg_""-name_""/output-as-svas.sv
./assert/conc_false-guard_no-fmt_"sva"-msg_""-name_""/output-as-svas.sv
./assert/conc_false-guard_no-fmt_""-msg_""-name_""/output-as-svas.sv
./assert/conc_true-guard_no-fmt_"ifElseFatal"-msg_""-name_""/output-as-svas.sv
./assert/conc_true-guard_no-fmt_"sva"-msg_""-name_""/output.sv
./assert/conc_true-guard_no-fmt_"sva"-msg_""-name_""/output-as-svas.sv
./assert/conc_true-guard_no-fmt_""-msg_""-name_""/output.sv
./assert/conc_true-guard_no-fmt_""-msg_""-name_""/output-as-svas.sv

./assert/conc_false-guard_no-fmt_"ifElseFatal"-msg_""-name_""/output.sv
./assert/conc_false-guard_no-fmt_"sva"-msg_""-name_""/output.sv
./assert/conc_false-guard_no-fmt_""-msg_""-name_""/output.sv

./assume/conc_false-guard_unr-fmt_"ifElseFatal"-msg_"message"-name_"label"/output-as-svas.sv
./assume/conc_false-guard_unr-fmt_"sva"-msg_"message"-name_"label"/output-as-svas.sv
./assume/conc_false-guard_unr-fmt_""-msg_"message"-name_"label"/output-as-svas.sv
./assume/conc_true-guard_unr-fmt_"ifElseFatal"-msg_"message"-name_"label"/output-as-svas.sv
./assume/conc_true-guard_unr-fmt_"sva"-msg_"message"-name_"label"/output.sv
./assume/conc_true-guard_unr-fmt_"sva"-msg_"message"-name_"label"/output-as-svas.sv
./assume/conc_true-guard_unr-fmt_""-msg_"message"-name_"label"/output.sv
./assume/conc_true-guard_unr-fmt_""-msg_"message"-name_"label"/output-as-svas.sv

./assume/conc_false-guard_unr-fmt_"ifElseFatal"-msg_"message"-name_"label"/output.sv
./assume/conc_false-guard_unr-fmt_"sva"-msg_"message"-name_"label"/output.sv
./assume/conc_false-guard_unr-fmt_""-msg_"message"-name_"label"/output.sv

./assume/conc_false-guard_unr-fmt_"ifElseFatal"-msg_""-name_""/output-as-svas.sv
./assume/conc_false-guard_unr-fmt_"sva"-msg_""-name_""/output-as-svas.sv
./assume/conc_false-guard_unr-fmt_""-msg_""-name_""/output-as-svas.sv
./assume/conc_true-guard_unr-fmt_"ifElseFatal"-msg_""-name_""/output-as-svas.sv
./assume/conc_true-guard_unr-fmt_"sva"-msg_""-name_""/output.sv
./assume/conc_true-guard_unr-fmt_"sva"-msg_""-name_""/output-as-svas.sv
./assume/conc_true-guard_unr-fmt_""-msg_""-name_""/output.sv
./assume/conc_true-guard_unr-fmt_""-msg_""-name_""/output-as-svas.sv

./assume/conc_false-guard_unr-fmt_"ifElseFatal"-msg_""-name_""/output.sv
./assume/conc_false-guard_unr-fmt_"sva"-msg_""-name_""/output.sv
./assume/conc_false-guard_unr-fmt_""-msg_""-name_""/output.sv

./assume/conc_false-guard_unr-fmt_"ifElseFatal"-msg_""-name_"label"/output-as-svas.sv
./assume/conc_false-guard_unr-fmt_"sva"-msg_""-name_"label"/output-as-svas.sv
./assume/conc_false-guard_unr-fmt_""-msg_""-name_"label"/output-as-svas.sv
./assume/conc_true-guard_unr-fmt_"ifElseFatal"-msg_""-name_"label"/output-as-svas.sv
./assume/conc_true-guard_unr-fmt_"sva"-msg_""-name_"label"/output.sv
./assume/conc_true-guard_unr-fmt_"sva"-msg_""-name_"label"/output-as-svas.sv
./assume/conc_true-guard_unr-fmt_""-msg_""-name_"label"/output.sv
./assume/conc_true-guard_unr-fmt_""-msg_""-name_"label"/output-as-svas.sv

./assume/conc_false-guard_unr-fmt_"ifElseFatal"-msg_""-name_"label"/output.sv
./assume/conc_false-guard_unr-fmt_"sva"-msg_""-name_"label"/output.sv
./assume/conc_false-guard_unr-fmt_""-msg_""-name_"label"/output.sv

./assume/conc_false-guard_unr-fmt_"ifElseFatal"-msg_"message"-name_""/output-as-svas.sv
./assume/conc_false-guard_unr-fmt_"sva"-msg_"message"-name_""/output-as-svas.sv
./assume/conc_false-guard_unr-fmt_""-msg_"message"-name_""/output-as-svas.sv
./assume/conc_true-guard_unr-fmt_"ifElseFatal"-msg_"message"-name_""/output-as-svas.sv
./assume/conc_true-guard_unr-fmt_"sva"-msg_"message"-name_""/output.sv
./assume/conc_true-guard_unr-fmt_"sva"-msg_"message"-name_""/output-as-svas.sv
./assume/conc_true-guard_unr-fmt_""-msg_"message"-name_""/output.sv
./assume/conc_true-guard_unr-fmt_""-msg_"message"-name_""/output-as-svas.sv

./assume/conc_false-guard_unr-fmt_"ifElseFatal"-msg_"message"-name_""/output.sv
./assume/conc_false-guard_unr-fmt_"sva"-msg_"message"-name_""/output.sv
./assume/conc_false-guard_unr-fmt_""-msg_"message"-name_""/output.sv

./assume/conc_false-guard_no-fmt_"ifElseFatal"-msg_""-name_"label"/output-as-svas.sv
./assume/conc_false-guard_no-fmt_"sva"-msg_""-name_"label"/output-as-svas.sv
./assume/conc_false-guard_no-fmt_""-msg_""-name_"label"/output-as-svas.sv
./assume/conc_true-guard_no-fmt_"ifElseFatal"-msg_""-name_"label"/output-as-svas.sv
./assume/conc_true-guard_no-fmt_"sva"-msg_""-name_"label"/output.sv
./assume/conc_true-guard_no-fmt_"sva"-msg_""-name_"label"/output-as-svas.sv
./assume/conc_true-guard_no-fmt_""-msg_""-name_"label"/output.sv
./assume/conc_true-guard_no-fmt_""-msg_""-name_"label"/output-as-svas.sv

./assume/conc_false-guard_no-fmt_"ifElseFatal"-msg_""-name_"label"/output.sv
./assume/conc_false-guard_no-fmt_"sva"-msg_""-name_"label"/output.sv
./assume/conc_false-guard_no-fmt_""-msg_""-name_"label"/output.sv

./assume/conc_false-guard_no-fmt_"ifElseFatal"-msg_"message"-name_""/output-as-svas.sv
./assume/conc_false-guard_no-fmt_"sva"-msg_"message"-name_""/output-as-svas.sv
./assume/conc_false-guard_no-fmt_""-msg_"message"-name_""/output-as-svas.sv
./assume/conc_true-guard_no-fmt_"ifElseFatal"-msg_"message"-name_""/output-as-svas.sv
./assume/conc_true-guard_no-fmt_"sva"-msg_"message"-name_""/output.sv
./assume/conc_true-guard_no-fmt_"sva"-msg_"message"-name_""/output-as-svas.sv
./assume/conc_true-guard_no-fmt_""-msg_"message"-name_""/output.sv
./assume/conc_true-guard_no-fmt_""-msg_"message"-name_""/output-as-svas.sv

./assume/conc_false-guard_no-fmt_"ifElseFatal"-msg_"message"-name_""/output.sv
./assume/conc_false-guard_no-fmt_"sva"-msg_"message"-name_""/output.sv
./assume/conc_false-guard_no-fmt_""-msg_"message"-name_""/output.sv

./assume/conc_false-guard_no-fmt_"ifElseFatal"-msg_"message"-name_"label"/output-as-svas.sv
./assume/conc_false-guard_no-fmt_"sva"-msg_"message"-name_"label"/output-as-svas.sv
./assume/conc_false-guard_no-fmt_""-msg_"message"-name_"label"/output-as-svas.sv
./assume/conc_true-guard_no-fmt_"ifElseFatal"-msg_"message"-name_"label"/output-as-svas.sv
./assume/conc_true-guard_no-fmt_"sva"-msg_"message"-name_"label"/output.sv
./assume/conc_true-guard_no-fmt_"sva"-msg_"message"-name_"label"/output-as-svas.sv
./assume/conc_true-guard_no-fmt_""-msg_"message"-name_"label"/output.sv
./assume/conc_true-guard_no-fmt_""-msg_"message"-name_"label"/output-as-svas.sv

./assume/conc_false-guard_no-fmt_"ifElseFatal"-msg_"message"-name_"label"/output.sv
./assume/conc_false-guard_no-fmt_"sva"-msg_"message"-name_"label"/output.sv
./assume/conc_false-guard_no-fmt_""-msg_"message"-name_"label"/output.sv

./assume/conc_false-guard_no-fmt_"ifElseFatal"-msg_""-name_""/output-as-svas.sv
./assume/conc_false-guard_no-fmt_"sva"-msg_""-name_""/output-as-svas.sv
./assume/conc_false-guard_no-fmt_""-msg_""-name_""/output-as-svas.sv
./assume/conc_true-guard_no-fmt_"ifElseFatal"-msg_""-name_""/output-as-svas.sv
./assume/conc_true-guard_no-fmt_"sva"-msg_""-name_""/output.sv
./assume/conc_true-guard_no-fmt_"sva"-msg_""-name_""/output-as-svas.sv
./assume/conc_true-guard_no-fmt_""-msg_""-name_""/output.sv
./assume/conc_true-guard_no-fmt_""-msg_""-name_""/output-as-svas.sv

./assume/conc_false-guard_no-fmt_"ifElseFatal"-msg_""-name_""/output.sv
./assume/conc_false-guard_no-fmt_"sva"-msg_""-name_""/output.sv
./assume/conc_false-guard_no-fmt_""-msg_""-name_""/output.sv
